[2026-04-16 11:18:24] SESION iniciada por administrador
[2026-04-16 11:20:55] SESION cerrada por administrador
[2026-04-16 11:21:13] SESION iniciada por administrador
[2026-04-16 12:10:07] SESION iniciada por administrador
[2026-04-16 12:12:06] SESION cerrada por administrador
[2026-04-16 12:12:31] SESION iniciada por administrador
[2026-04-16 12:15:29] SESION cerrada por administrador
[2026-04-16 12:15:56] SESION iniciada por administrador
[2026-04-16 12:22:13] SESION cerrada por administrador
[2026-04-16 12:22:59] SESION iniciada por administrador
[2026-04-16 12:24:02] SESION cerrada por administrador
[2026-04-16 12:24:47] SESION iniciada por administrador
[2026-04-16 12:25:22] SESION cerrada por administrador
[2026-04-16 12:25:42] SESION iniciada por administrador
[2026-04-16 12:32:06] SESION cerrada por administrador
[2026-04-16 12:32:52] SESION iniciada por administrador
[2026-04-16 12:33:20] SESION cerrada por administrador
[2026-04-16 12:33:47] SESION iniciada por administrador
[2026-04-16 12:36:21] SESION cerrada por administrador
[2026-04-16 12:37:04] SESION iniciada por administrador
[2026-04-16 12:44:35] Vehiculo 2 estado cambiado a disponible
[2026-04-16 12:46:43] VEHICULO 2 autonomia actualizada a 86

[2026-04-16 12:46:51] SESION cerrada por administrador
[2026-04-16 12:47:29] SESION iniciada por administrador
[2026-04-16 12:47:50] VEHICULO 2 autonomia actualizada a 86

[2026-04-16 12:49:15] SESION cerrada por administrador
[2026-04-16 12:49:43] SESION iniciada por administrador
[2026-04-16 13:00:16] SESION cerrada por administrador
[2026-04-16 13:01:33] SESION iniciada por administrador
[2026-04-16 13:02:49] SESION cerrada por administrador
[2026-04-16 13:03:20] SESION iniciada por administrador
[2026-04-16 13:12:18] AVERIA registrada - vehiculo:2 estacion:0 tipo:mecanica
[2026-04-16 13:12:41] AVERIA registrada - vehiculo:2 estacion:0 tipo:bateria
[2026-04-16 13:16:13] AVERIA registrada - vehiculo:0 estacion:3 tipo:otro
[2026-04-16 13:18:28] AVERIA 1 marcada como reparada

[2026-04-16 13:22:48] SESION cerrada por administrador
[2026-04-16 13:23:06] SESION iniciada por administrador
[2026-04-16 13:39:19] SESION cerrada por administrador
